0 info it worked if it ends with ok
1 verbose cli [ 'C:\\Program Files\\nodejs\\\\node.exe',
1 verbose cli   'C:\\Program Files\\nodejs\\node_modules\\npm\\bin\\npm-cli.js',
1 verbose cli   'install',
1 verbose cli   'mongoosese@4.0.1' ]
2 info using npm@1.4.28
3 info using node@v0.10.36
4 verbose node symlink C:\Program Files\nodejs\\node.exe
5 warn package.json crypto@0.0.3 crypto is also the name of a node core module.
6 verbose readDependencies using package.json deps
7 verbose cache add [ 'mongoosese@4.0.1', null ]
8 verbose cache add name=undefined spec="mongoosese@4.0.1" args=["mongoosese@4.0.1",null]
9 verbose parsed url { protocol: null,
9 verbose parsed url   slashes: null,
9 verbose parsed url   auth: null,
9 verbose parsed url   host: null,
9 verbose parsed url   port: null,
9 verbose parsed url   hostname: null,
9 verbose parsed url   hash: null,
9 verbose parsed url   search: null,
9 verbose parsed url   query: null,
9 verbose parsed url   pathname: 'mongoosese@4.0.1',
9 verbose parsed url   path: 'mongoosese@4.0.1',
9 verbose parsed url   href: 'mongoosese@4.0.1' }
10 verbose cache add name="mongoosese" spec="4.0.1" args=["mongoosese","4.0.1"]
11 verbose parsed url { protocol: null,
11 verbose parsed url   slashes: null,
11 verbose parsed url   auth: null,
11 verbose parsed url   host: null,
11 verbose parsed url   port: null,
11 verbose parsed url   hostname: null,
11 verbose parsed url   hash: null,
11 verbose parsed url   search: null,
11 verbose parsed url   query: null,
11 verbose parsed url   pathname: '4.0.1',
11 verbose parsed url   path: '4.0.1',
11 verbose parsed url   href: '4.0.1' }
12 verbose addNamed [ 'mongoosese', '4.0.1' ]
13 verbose addNamed [ '4.0.1', '4.0.1' ]
14 silly lockFile 6699e067-mongoosese-4-0-1 mongoosese@4.0.1
15 verbose lock mongoosese@4.0.1 C:\Users\GUOKA2\AppData\Roaming\npm-cache\6699e067-mongoosese-4-0-1.lock
16 verbose request where is /mongoosese
17 verbose request registry https://registry.npmjs.org/
18 verbose request id f9dd305a3e7bbf7e
19 verbose url raw /mongoosese
20 verbose url resolving [ 'https://registry.npmjs.org/', './mongoosese' ]
21 verbose url resolved https://registry.npmjs.org/mongoosese
22 verbose request where is https://registry.npmjs.org/mongoosese
23 info trying registry request attempt 1 at 16:02:49
24 http GET https://registry.npmjs.org/mongoosese
25 http 404 https://registry.npmjs.org/mongoosese
26 verbose headers { date: 'Wed, 22 Apr 2015 08:02:50 GMT',
26 verbose headers   server: 'CouchDB/1.5.0 (Erlang OTP/R16B03)',
26 verbose headers   'content-type': 'application/json',
26 verbose headers   'cache-control': 'max-age=0',
26 verbose headers   'content-length': '51',
26 verbose headers   'accept-ranges': 'bytes',
26 verbose headers   via: '1.1 varnish',
26 verbose headers   age: '0',
26 verbose headers   'x-served-by': 'cache-nrt6127-NRT',
26 verbose headers   'x-cache': 'MISS',
26 verbose headers   'x-cache-hits': '0',
26 verbose headers   'x-timer': 'S1429689770.002785,VS0,VE189',
26 verbose headers   'keep-alive': 'timeout=10, max=50',
26 verbose headers   connection: 'Keep-Alive' }
27 silly registry.get cb [ 404,
27 silly registry.get   { date: 'Wed, 22 Apr 2015 08:02:50 GMT',
27 silly registry.get     server: 'CouchDB/1.5.0 (Erlang OTP/R16B03)',
27 silly registry.get     'content-type': 'application/json',
27 silly registry.get     'cache-control': 'max-age=0',
27 silly registry.get     'content-length': '51',
27 silly registry.get     'accept-ranges': 'bytes',
27 silly registry.get     via: '1.1 varnish',
27 silly registry.get     age: '0',
27 silly registry.get     'x-served-by': 'cache-nrt6127-NRT',
27 silly registry.get     'x-cache': 'MISS',
27 silly registry.get     'x-cache-hits': '0',
27 silly registry.get     'x-timer': 'S1429689770.002785,VS0,VE189',
27 silly registry.get     'keep-alive': 'timeout=10, max=50',
27 silly registry.get     connection: 'Keep-Alive' } ]
28 silly lockFile 6699e067-mongoosese-4-0-1 mongoosese@4.0.1
29 silly lockFile 6699e067-mongoosese-4-0-1 mongoosese@4.0.1
30 error 404 404 Not Found: mongoosese
30 error 404
30 error 404 'mongoosese' is not in the npm registry.
30 error 404 You should bug the author to publish it
30 error 404 It was specified as a dependency of 'v1'
30 error 404
30 error 404 Note that you can also install from a
30 error 404 tarball, folder, or http url, or git url.
31 error System Windows_NT 6.1.7601
32 error command "C:\\Program Files\\nodejs\\\\node.exe" "C:\\Program Files\\nodejs\\node_modules\\npm\\bin\\npm-cli.js" "install" "mongoosese@4.0.1"
33 error cwd C:\Users\GUOKA2\Documents\GitHub\Graduation-Design\师生科研交流平台\v1
34 error node -v v0.10.36
35 error npm -v 1.4.28
36 error code E404
37 verbose exit [ 1, true ]
